<?xml version="1.0" encoding="UTF-8"?>
<!-- Generated by org.testng.reporters.JUnitXMLReporter -->
<testsuite ignored="2" hostname="DESKTOP-TCC86SQ" failures="0" tests="1" name="Default test" time="12.846" errors="0" timestamp="2024-03-16T14:32:37 TRT">
  <testcase classname="javapackages.AddOneRandomItem" name="addOneRandomItemTotheCart" time="6.835"/>
  <testcase classname="javapackages.AddOneRandomItem" name="SignupProcess" time="0.0">
    <ignored/>
  </testcase> <!-- SignupProcess -->
  <testcase classname="javapackages.AddOneRandomItem" name="checkoutProcess" time="0.0">
    <ignored/>
  </testcase> <!-- checkoutProcess -->
</testsuite> <!-- Default test -->
