<?xml version="1.0" encoding="UTF-8"?>
<testng-results ignored="2" total="3" passed="1" failed="0" skipped="0">
  <reporter-output>
  </reporter-output>
  <suite started-at="2024-03-16T14:32:24 TRT" name="Default suite" finished-at="2024-03-16T14:32:37 TRT" duration-ms="12846">
    <groups>
    </groups>
    <test started-at="2024-03-16T14:32:24 TRT" name="Default test" finished-at="2024-03-16T14:32:37 TRT" duration-ms="12846">
      <class name="javapackages.AddOneRandomItem">
        <test-method is-config="true" signature="mySetup()[pri:0, instance:javapackages.AddOneRandomItem@31000e60]" started-at="2024-03-16T14:32:24 TRT" name="mySetup" finished-at="2024-03-16T14:32:30 TRT" duration-ms="5955" status="PASS">
          <reporter-output>
          </reporter-output>
        </test-method> <!-- mySetup -->
        <test-method signature="addOneRandomItemTotheCart()[pri:1, instance:javapackages.AddOneRandomItem@31000e60]" started-at="2024-03-16T14:32:30 TRT" name="addOneRandomItemTotheCart" finished-at="2024-03-16T14:32:37 TRT" duration-ms="6835" status="PASS">
          <reporter-output>
          </reporter-output>
        </test-method> <!-- addOneRandomItemTotheCart -->
      </class> <!-- javapackages.AddOneRandomItem -->
    </test> <!-- Default test -->
  </suite> <!-- Default suite -->
</testng-results>
